<?xml version="1.0" encoding="UTF-8"?>
<testsuite xmlns:xsi="http://www.w3.org/2001/XMLSchema-instance" xsi:noNamespaceSchemaLocation="https://maven.apache.org/surefire/maven-surefire-plugin/xsd/surefire-test-report.xsd" version="3.0.2" name="org.springframework.security.boot.jwt.authentication.server.JwtAuthenticationWebFilterTest" time="0.033" tests="4" errors="0" skipped="0" failures="0">
  <properties>
[...]
</properties>
  <testcase name="shouldRemainConstructibleForMultipleManagers" classname="org.springframework.security.boot.jwt.authentication.server.JwtAuthenticationWebFilterTest" time="0.03">
    <system-err><![CDATA[SLF4J(W): No SLF4J providers were found.
SLF4J(W): Defaulting to no-operation (NOP) logger implementation
SLF4J(W): See https://www.slf4j.org/codes.html#noProviders for further details.
]]></system-err>
  </testcase>
  <testcase name="shouldExtendAuthenticationWebFilter" classname="org.springframework.security.boot.jwt.authentication.server.JwtAuthenticationWebFilterTest" time="0.0"/>
  <testcase name="shouldInstantiateFilter" classname="org.springframework.security.boot.jwt.authentication.server.JwtAuthenticationWebFilterTest" time="0.0"/>
  <testcase name="shouldExposeUnderlyingAuthenticationWebFilterContract" classname="org.springframework.security.boot.jwt.authentication.server.JwtAuthenticationWebFilterTest" time="0.001"/>
</testsuite>